<?xml version="1.0" encoding="utf-8"?><testsuites><testsuite errors="0" failures="0" hostname="travis-job-50782974-97ed-4c5a-94a7-4d041e13f11b" name="pytest" skipped="0" tests="1" time="0.391" timestamp="2020-09-23T11:55:51.810021"><testcase classname="marshmallow_pyfields.tests.test_doc" file="marshmallow_pyfields/tests/test_doc.py" line="11" name="test_doc" time="0.013"></testcase></testsuite></testsuites>