<?xml version="1.0" encoding="utf-8"?><testsuites><testsuite errors="0" failures="0" hostname="travis-job-9128c222-a1e7-4a87-b5d1-0c034f154ee2" name="pytest" skipped="0" tests="1" time="0.389" timestamp="2020-09-23T11:09:41.459104"><testcase classname="marshmallow_pyfields.tests.test_doc" file="marshmallow_pyfields/tests/test_doc.py" line="11" name="test_doc" time="0.013"></testcase></testsuite></testsuites>