<?xml version="1.0" encoding="utf-8"?><testsuites><testsuite errors="0" failures="0" hostname="travis-job-88b95af0-1ccc-4749-8e67-31855aca632a" name="pytest" skipped="0" tests="1" time="0.377" timestamp="2020-09-23T11:15:48.736737"><testcase classname="marshmallow_pyfields.tests.test_doc" file="marshmallow_pyfields/tests/test_doc.py" line="11" name="test_doc" time="0.010"></testcase></testsuite></testsuites>