<?xml version="1.0" encoding="utf-8"?><testsuites><testsuite errors="0" failures="0" hostname="travis-job-47355d04-ead8-486d-9fe6-e90702e70dbd" name="pytest" skipped="0" tests="1" time="0.362" timestamp="2020-09-23T11:55:39.874743"><testcase classname="marshmallow_pyfields.tests.test_doc" file="marshmallow_pyfields/tests/test_doc.py" line="11" name="test_doc" time="0.011"></testcase></testsuite></testsuites>