<?xml version="1.0" encoding="utf-8"?><testsuites><testsuite errors="0" failures="0" hostname="travis-job-bad9665f-b495-41e5-b08f-77d89ff8990e" name="pytest" skipped="0" tests="1" time="0.327" timestamp="2020-09-23T11:15:43.219168"><testcase classname="marshmallow_pyfields.tests.test_doc" file="marshmallow_pyfields/tests/test_doc.py" line="11" name="test_doc" time="0.009"></testcase></testsuite></testsuites>